<?xml version="1.0" encoding="UTF-8"?>
<testsuite name="ch.uzh.ifi.hase.soprafs24.rest.mapper.DTOMapperTest" tests="2" skipped="0" failures="0" errors="0" timestamp="2024-03-04T14:18:02" hostname="The-MAC" time="0.011">
  <properties/>
  <testcase name="testCreateUser_fromUserPostDTO_toUser_success()" classname="ch.uzh.ifi.hase.soprafs24.rest.mapper.DTOMapperTest" time="0.009"/>
  <testcase name="testGetUser_fromUser_toUserGetDTO_success()" classname="ch.uzh.ifi.hase.soprafs24.rest.mapper.DTOMapperTest" time="0.001"/>
  <system-out><![CDATA[]]></system-out>
  <system-err><![CDATA[]]></system-err>
</testsuite>
