<?xml version="1.0" encoding="UTF-8"?>
<testsuite name="ch.uzh.ifi.hase.soprafs24.service.UserServiceIntegrationTest" tests="3" skipped="0" failures="0" errors="0" timestamp="2024-02-26T20:51:17" hostname="The-MAC" time="0.223">
  <properties/>
  <testcase name="createUser_validInputs_success()" classname="ch.uzh.ifi.hase.soprafs24.service.UserServiceIntegrationTest" time="0.145"/>
  <testcase name="createUser_duplicateUsername_throwsException()" classname="ch.uzh.ifi.hase.soprafs24.service.UserServiceIntegrationTest" time="0.055"/>
  <testcase name="find_testUsername_must_be_null()" classname="ch.uzh.ifi.hase.soprafs24.service.UserServiceIntegrationTest" time="0.018"/>
  <system-out><![CDATA[2024-02-26 21:51:15.615  INFO 69592 --- [    Test worker] .b.t.c.SpringBootTestContextBootstrapper : Neither @ContextConfiguration nor @ContextHierarchy found for test class [ch.uzh.ifi.hase.soprafs24.service.UserServiceIntegrationTest], using SpringBootContextLoader
2024-02-26 21:51:15.618  INFO 69592 --- [    Test worker] o.s.t.c.support.AbstractContextLoader    : Could not detect default resource locations for test class [ch.uzh.ifi.hase.soprafs24.service.UserServiceIntegrationTest]: no resource found for suffixes {-context.xml, Context.groovy}.
2024-02-26 21:51:15.618  INFO 69592 --- [    Test worker] t.c.s.AnnotationConfigContextLoaderUtils : Could not detect default configuration classes for test class [ch.uzh.ifi.hase.soprafs24.service.UserServiceIntegrationTest]: UserServiceIntegrationTest does not declare any static, non-private, non-final, nested classes annotated with @Configuration.
2024-02-26 21:51:15.681  INFO 69592 --- [    Test worker] .b.t.c.SpringBootTestContextBootstrapper : Found @SpringBootConfiguration ch.uzh.ifi.hase.soprafs24.Application for test class ch.uzh.ifi.hase.soprafs24.service.UserServiceIntegrationTest
2024-02-26 21:51:15.713  INFO 69592 --- [    Test worker] .b.t.c.SpringBootTestContextBootstrapper : Loaded default TestExecutionListener class names from location [META-INF/spring.factories]: [org.springframework.boot.test.autoconfigure.restdocs.RestDocsTestExecutionListener, org.springframework.boot.test.autoconfigure.web.client.MockRestServiceServerResetTestExecutionListener, org.springframework.boot.test.autoconfigure.web.servlet.MockMvcPrintOnlyOnFailureTestExecutionListener, org.springframework.boot.test.autoconfigure.web.servlet.WebDriverTestExecutionListener, org.springframework.boot.test.autoconfigure.webservices.client.MockWebServiceServerTestExecutionListener, org.springframework.boot.test.mock.mockito.MockitoTestExecutionListener, org.springframework.boot.test.mock.mockito.ResetMocksTestExecutionListener, org.springframework.test.context.web.ServletTestExecutionListener, org.springframework.test.context.support.DirtiesContextBeforeModesTestExecutionListener, org.springframework.test.context.event.ApplicationEventsTestExecutionListener, org.springframework.test.context.support.DependencyInjectionTestExecutionListener, org.springframework.test.context.support.DirtiesContextTestExecutionListener, org.springframework.test.context.transaction.TransactionalTestExecutionListener, org.springframework.test.context.jdbc.SqlScriptsTestExecutionListener, org.springframework.test.context.event.EventPublishingTestExecutionListener]
2024-02-26 21:51:15.715  INFO 69592 --- [    Test worker] .b.t.c.SpringBootTestContextBootstrapper : Using TestExecutionListeners: [org.springframework.test.context.web.ServletTestExecutionListener@e10be0b, org.springframework.test.context.support.DirtiesContextBeforeModesTestExecutionListener@49dba891, org.springframework.test.context.event.ApplicationEventsTestExecutionListener@71886642, org.springframework.boot.test.mock.mockito.MockitoTestExecutionListener@2765f545, org.springframework.boot.test.autoconfigure.SpringBootDependencyInjectionTestExecutionListener@2c8ee744, org.springframework.test.context.support.DirtiesContextTestExecutionListener@38854d64, org.springframework.test.context.transaction.TransactionalTestExecutionListener@a0d8640, org.springframework.test.context.jdbc.SqlScriptsTestExecutionListener@24a9599, org.springframework.test.context.event.EventPublishingTestExecutionListener@5925f653, org.springframework.boot.test.autoconfigure.restdocs.RestDocsTestExecutionListener@4bd97e7e, org.springframework.boot.test.autoconfigure.web.client.MockRestServiceServerResetTestExecutionListener@2d80cec3, org.springframework.boot.test.autoconfigure.web.servlet.MockMvcPrintOnlyOnFailureTestExecutionListener@7bb070b7, org.springframework.boot.test.autoconfigure.web.servlet.WebDriverTestExecutionListener@d5196fc, org.springframework.boot.test.autoconfigure.webservices.client.MockWebServiceServerTestExecutionListener@dfb23a6, org.springframework.boot.test.mock.mockito.ResetMocksTestExecutionListener@2626020c]

  .   ____          _            __ _ _
 /\\ / ___'_ __ _ _(_)_ __  __ _ \ \ \ \
( ( )\___ | '_ | '_| | '_ \/ _` | \ \ \ \
 \\/  ___)| |_)| | | | | || (_| |  ) ) ) )
  '  |____| .__|_| |_|_| |_\__, | / / / /
 =========|_|==============|___/=/_/_/_/
 :: Spring Boot ::               (v2.4.13)

2024-02-26 21:51:15.850  INFO 69592 --- [    Test worker] c.u.i.h.s.s.UserServiceIntegrationTest   : Starting UserServiceIntegrationTest using Java 17.0.10 on The-MAC with PID 69592 (started by basil in /Users/basil/MyFiles/Programming/SoPra/sopra-fs24-template-server)
2024-02-26 21:51:15.855  INFO 69592 --- [    Test worker] c.u.i.h.s.s.UserServiceIntegrationTest   : No active profile set, falling back to default profiles: default
2024-02-26 21:51:16.394  INFO 69592 --- [    Test worker] .s.d.r.c.RepositoryConfigurationDelegate : Bootstrapping Spring Data JPA repositories in DEFAULT mode.
2024-02-26 21:51:16.427  INFO 69592 --- [    Test worker] .s.d.r.c.RepositoryConfigurationDelegate : Finished Spring Data repository scanning in 30 ms. Found 1 JPA repository interfaces.
2024-02-26 21:51:16.809  INFO 69592 --- [    Test worker] com.zaxxer.hikari.HikariDataSource       : HikariPool-1 - Starting...
2024-02-26 21:51:16.847  INFO 69592 --- [    Test worker] com.zaxxer.hikari.HikariDataSource       : HikariPool-1 - Start completed.
2024-02-26 21:51:16.891  INFO 69592 --- [    Test worker] o.hibernate.jpa.internal.util.LogHelper  : HHH000204: Processing PersistenceUnitInfo [name: default]
2024-02-26 21:51:16.905  INFO 69592 --- [    Test worker] org.hibernate.dialect.Dialect            : HHH000400: Using dialect: org.hibernate.dialect.H2Dialect
2024-02-26 21:51:17.023  INFO 69592 --- [    Test worker] o.h.e.t.j.p.i.JtaPlatformInitiator       : HHH000490: Using JtaPlatform implementation: [org.hibernate.engine.transaction.jta.platform.internal.NoJtaPlatform]
2024-02-26 21:51:17.025  INFO 69592 --- [    Test worker] j.LocalContainerEntityManagerFactoryBean : Initialized JPA EntityManagerFactory for persistence unit 'default'
2024-02-26 21:51:17.468  WARN 69592 --- [    Test worker] JpaBaseConfiguration$JpaWebConfiguration : spring.jpa.open-in-view is enabled by default. Therefore, database queries may be performed during view rendering. Explicitly configure spring.jpa.open-in-view to disable this warning
2024-02-26 21:51:17.678  INFO 69592 --- [    Test worker] o.s.b.a.h2.H2ConsoleAutoConfiguration    : H2 console available at '/h2-console'. Database available at 'jdbc:h2:mem:testdb'
2024-02-26 21:51:17.973  INFO 69592 --- [    Test worker] c.u.i.h.s.s.UserServiceIntegrationTest   : Started UserServiceIntegrationTest in 2.249 seconds (JVM running for 17.405)
]]></system-out>
  <system-err><![CDATA[]]></system-err>
</testsuite>
