<?xml version="1.0" encoding="UTF-8"?>
<testsuite name="ch.uzh.ifi.hase.soprafs24.service.UserServiceTest" tests="2" skipped="0" failures="0" errors="0" timestamp="2024-02-25T21:03:44" hostname="The-MAC" time="0.215">
  <properties/>
  <testcase name="createUser_validInputs_success()" classname="ch.uzh.ifi.hase.soprafs24.service.UserServiceTest" time="0.211"/>
  <testcase name="createUser_duplicateInputs_throwsException()" classname="ch.uzh.ifi.hase.soprafs24.service.UserServiceTest" time="0.003"/>
  <system-out><![CDATA[]]></system-out>
  <system-err><![CDATA[]]></system-err>
</testsuite>
