<?xml version="1.0" encoding="UTF-8"?>
<testsuite name="ch.uzh.ifi.hase.soprafs24.controller.UserControllerTest" tests="10" skipped="0" failures="0" errors="0" timestamp="2024-03-09T14:37:41" hostname="The-MAC" time="0.582">
  <properties/>
  <testcase name="givenUsers_whenGetUsers_thenReturnJsonArray()" classname="ch.uzh.ifi.hase.soprafs24.controller.UserControllerTest" time="0.298"/>
  <testcase name="createUser_validInput_userCreated()" classname="ch.uzh.ifi.hase.soprafs24.controller.UserControllerTest" time="0.107"/>
  <testcase name="updateUser_invalidId_userNotUpdated()" classname="ch.uzh.ifi.hase.soprafs24.controller.UserControllerTest" time="0.034"/>
  <testcase name="createUser_invalidInput_usernameInvalid()" classname="ch.uzh.ifi.hase.soprafs24.controller.UserControllerTest" time="0.018"/>
  <testcase name="getUser_invalidtoken_tokenNotAccepted()" classname="ch.uzh.ifi.hase.soprafs24.controller.UserControllerTest" time="0.014"/>
  <testcase name="getUser_validId_userFound()" classname="ch.uzh.ifi.hase.soprafs24.controller.UserControllerTest" time="0.016"/>
  <testcase name="updateUser_invalidUsername_userNotUpdated()" classname="ch.uzh.ifi.hase.soprafs24.controller.UserControllerTest" time="0.012"/>
  <testcase name="updateUser_validId_userUpdated()" classname="ch.uzh.ifi.hase.soprafs24.controller.UserControllerTest" time="0.017"/>
  <testcase name="getUser_invalidId_userNotFound()" classname="ch.uzh.ifi.hase.soprafs24.controller.UserControllerTest" time="0.012"/>
  <testcase name="createUser_invalidInput_usernameTaken()" classname="ch.uzh.ifi.hase.soprafs24.controller.UserControllerTest" time="0.019"/>
  <system-out><![CDATA[15:37:34.591 [Test worker] DEBUG org.springframework.test.context.BootstrapUtils - Instantiating CacheAwareContextLoaderDelegate from class [org.springframework.test.context.cache.DefaultCacheAwareContextLoaderDelegate]
15:37:34.637 [Test worker] DEBUG org.springframework.test.context.BootstrapUtils - Instantiating BootstrapContext using constructor [public org.springframework.test.context.support.DefaultBootstrapContext(java.lang.Class,org.springframework.test.context.CacheAwareContextLoaderDelegate)]
15:37:34.940 [Test worker] DEBUG org.springframework.test.context.BootstrapUtils - Instantiating TestContextBootstrapper for test class [ch.uzh.ifi.hase.soprafs24.controller.UserControllerTest] from class [org.springframework.boot.test.autoconfigure.web.servlet.WebMvcTestContextBootstrapper]
15:37:34.984 [Test worker] INFO org.springframework.boot.test.autoconfigure.web.servlet.WebMvcTestContextBootstrapper - Neither @ContextConfiguration nor @ContextHierarchy found for test class [ch.uzh.ifi.hase.soprafs24.controller.UserControllerTest], using SpringBootContextLoader
15:37:35.000 [Test worker] DEBUG org.springframework.test.context.support.AbstractContextLoader - Did not detect default resource location for test class [ch.uzh.ifi.hase.soprafs24.controller.UserControllerTest]: class path resource [ch/uzh/ifi/hase/soprafs24/controller/UserControllerTest-context.xml] does not exist
15:37:35.003 [Test worker] DEBUG org.springframework.test.context.support.AbstractContextLoader - Did not detect default resource location for test class [ch.uzh.ifi.hase.soprafs24.controller.UserControllerTest]: class path resource [ch/uzh/ifi/hase/soprafs24/controller/UserControllerTestContext.groovy] does not exist
15:37:35.003 [Test worker] INFO org.springframework.test.context.support.AbstractContextLoader - Could not detect default resource locations for test class [ch.uzh.ifi.hase.soprafs24.controller.UserControllerTest]: no resource found for suffixes {-context.xml, Context.groovy}.
15:37:35.004 [Test worker] INFO org.springframework.test.context.support.AnnotationConfigContextLoaderUtils - Could not detect default configuration classes for test class [ch.uzh.ifi.hase.soprafs24.controller.UserControllerTest]: UserControllerTest does not declare any static, non-private, non-final, nested classes annotated with @Configuration.
15:37:35.214 [Test worker] DEBUG org.springframework.test.context.support.ActiveProfilesUtils - Could not find an 'annotation declaring class' for annotation type [org.springframework.test.context.ActiveProfiles] and class [ch.uzh.ifi.hase.soprafs24.controller.UserControllerTest]
15:37:35.530 [Test worker] DEBUG org.springframework.context.annotation.ClassPathScanningCandidateComponentProvider - Identified candidate component class: file [/Users/basil/MyFiles/Programming/React/my-app-server/build/classes/java/main/ch/uzh/ifi/hase/soprafs24/Application.class]
15:37:35.540 [Test worker] INFO org.springframework.boot.test.context.SpringBootTestContextBootstrapper - Found @SpringBootConfiguration ch.uzh.ifi.hase.soprafs24.Application for test class ch.uzh.ifi.hase.soprafs24.controller.UserControllerTest
15:37:35.562 [Test worker] DEBUG org.springframework.boot.test.autoconfigure.web.servlet.WebMvcTestContextBootstrapper - @TestExecutionListeners is not present for class [ch.uzh.ifi.hase.soprafs24.controller.UserControllerTest]: using defaults.
15:37:35.564 [Test worker] INFO org.springframework.boot.test.autoconfigure.web.servlet.WebMvcTestContextBootstrapper - Loaded default TestExecutionListener class names from location [META-INF/spring.factories]: [org.springframework.boot.test.autoconfigure.restdocs.RestDocsTestExecutionListener, org.springframework.boot.test.autoconfigure.web.client.MockRestServiceServerResetTestExecutionListener, org.springframework.boot.test.autoconfigure.web.servlet.MockMvcPrintOnlyOnFailureTestExecutionListener, org.springframework.boot.test.autoconfigure.web.servlet.WebDriverTestExecutionListener, org.springframework.boot.test.autoconfigure.webservices.client.MockWebServiceServerTestExecutionListener, org.springframework.boot.test.mock.mockito.MockitoTestExecutionListener, org.springframework.boot.test.mock.mockito.ResetMocksTestExecutionListener, org.springframework.test.context.web.ServletTestExecutionListener, org.springframework.test.context.support.DirtiesContextBeforeModesTestExecutionListener, org.springframework.test.context.event.ApplicationEventsTestExecutionListener, org.springframework.test.context.support.DependencyInjectionTestExecutionListener, org.springframework.test.context.support.DirtiesContextTestExecutionListener, org.springframework.test.context.transaction.TransactionalTestExecutionListener, org.springframework.test.context.jdbc.SqlScriptsTestExecutionListener, org.springframework.test.context.event.EventPublishingTestExecutionListener]
15:37:35.593 [Test worker] INFO org.springframework.boot.test.autoconfigure.web.servlet.WebMvcTestContextBootstrapper - Using TestExecutionListeners: [org.springframework.test.context.web.ServletTestExecutionListener@748f93bb, org.springframework.test.context.support.DirtiesContextBeforeModesTestExecutionListener@7f2d31af, org.springframework.test.context.event.ApplicationEventsTestExecutionListener@2e7157c7, org.springframework.boot.test.mock.mockito.MockitoTestExecutionListener@2a43e0ac, org.springframework.boot.test.autoconfigure.SpringBootDependencyInjectionTestExecutionListener@22d9bc14, org.springframework.test.context.support.DirtiesContextTestExecutionListener@346f41a9, org.springframework.test.context.transaction.TransactionalTestExecutionListener@1084f78c, org.springframework.test.context.jdbc.SqlScriptsTestExecutionListener@25f723b0, org.springframework.test.context.event.EventPublishingTestExecutionListener@4aa11206, org.springframework.boot.test.autoconfigure.restdocs.RestDocsTestExecutionListener@40d60f2, org.springframework.boot.test.autoconfigure.web.client.MockRestServiceServerResetTestExecutionListener@3382cf68, org.springframework.boot.test.autoconfigure.web.servlet.MockMvcPrintOnlyOnFailureTestExecutionListener@2f74900b, org.springframework.boot.test.autoconfigure.web.servlet.WebDriverTestExecutionListener@6d8796c1, org.springframework.boot.test.autoconfigure.webservices.client.MockWebServiceServerTestExecutionListener@2e26173, org.springframework.boot.test.mock.mockito.ResetMocksTestExecutionListener@27be17c8]
15:37:35.606 [Test worker] DEBUG org.springframework.test.context.support.AbstractDirtiesContextTestExecutionListener - Before test class: context [DefaultTestContext@53e76c11 testClass = UserControllerTest, testInstance = [null], testMethod = [null], testException = [null], mergedContextConfiguration = [WebMergedContextConfiguration@42cc183e testClass = UserControllerTest, locations = '{}', classes = '{class ch.uzh.ifi.hase.soprafs24.Application}', contextInitializerClasses = '[]', activeProfiles = '{}', propertySourceLocations = '{}', propertySourceProperties = '{org.springframework.boot.test.autoconfigure.web.servlet.WebMvcTestContextBootstrapper=true}', contextCustomizers = set[org.springframework.boot.test.autoconfigure.OverrideAutoConfigurationContextCustomizerFactory$DisableAutoConfigurationContextCustomizer@3b4d50b, org.springframework.boot.test.autoconfigure.actuate.metrics.MetricsExportContextCustomizerFactory$DisableMetricExportContextCustomizer@317e9c3c, org.springframework.boot.test.autoconfigure.filter.TypeExcludeFiltersContextCustomizer@a62af7eb, org.springframework.boot.test.autoconfigure.properties.PropertyMappingContextCustomizer@3b9c9c4c, org.springframework.boot.test.autoconfigure.web.servlet.WebDriverContextCustomizerFactory$Customizer@65bdd558, [ImportsContextCustomizer@3e4e8fdf key = [org.springframework.boot.autoconfigure.cache.CacheAutoConfiguration, org.springframework.boot.autoconfigure.context.MessageSourceAutoConfiguration, org.springframework.boot.autoconfigure.data.web.SpringDataWebAutoConfiguration, org.springframework.boot.autoconfigure.freemarker.FreeMarkerAutoConfiguration, org.springframework.boot.autoconfigure.groovy.template.GroovyTemplateAutoConfiguration, org.springframework.boot.autoconfigure.gson.GsonAutoConfiguration, org.springframework.boot.autoconfigure.hateoas.HypermediaAutoConfiguration, org.springframework.boot.autoconfigure.http.HttpMessageConvertersAutoConfiguration, org.springframework.boot.autoconfigure.jackson.JacksonAutoConfiguration, org.springframework.boot.autoconfigure.jsonb.JsonbAutoConfiguration, org.springframework.boot.autoconfigure.mustache.MustacheAutoConfiguration, org.springframework.boot.autoconfigure.task.TaskExecutionAutoConfiguration, org.springframework.boot.autoconfigure.thymeleaf.ThymeleafAutoConfiguration, org.springframework.boot.autoconfigure.validation.ValidationAutoConfiguration, org.springframework.boot.autoconfigure.web.servlet.error.ErrorMvcAutoConfiguration, org.springframework.boot.autoconfigure.web.servlet.HttpEncodingAutoConfiguration, org.springframework.boot.autoconfigure.web.servlet.WebMvcAutoConfiguration, org.springframework.boot.test.autoconfigure.web.servlet.MockMvcAutoConfiguration, org.springframework.boot.test.autoconfigure.web.servlet.MockMvcWebClientAutoConfiguration, org.springframework.boot.test.autoconfigure.web.servlet.MockMvcWebDriverAutoConfiguration, org.springframework.boot.autoconfigure.security.oauth2.client.servlet.OAuth2ClientAutoConfiguration, org.springframework.boot.autoconfigure.security.oauth2.resource.servlet.OAuth2ResourceServerAutoConfiguration, org.springframework.boot.autoconfigure.security.servlet.SecurityAutoConfiguration, org.springframework.boot.autoconfigure.security.servlet.SecurityFilterAutoConfiguration, org.springframework.boot.autoconfigure.security.servlet.UserDetailsServiceAutoConfiguration, org.springframework.boot.test.autoconfigure.web.servlet.MockMvcSecurityConfiguration]], org.springframework.boot.test.context.filter.ExcludeFilterContextCustomizer@77bbadc, org.springframework.boot.test.json.DuplicateJsonObjectContextCustomizerFactory$DuplicateJsonObjectContextCustomizer@25ad4f71, org.springframework.boot.test.mock.mockito.MockitoContextCustomizer@39c07586, org.springframework.boot.test.context.SpringBootTestArgs@1, org.springframework.boot.test.context.SpringBootTestWebEnvironment@0], resourceBasePath = 'src/main/webapp', contextLoader = 'org.springframework.boot.test.context.SpringBootContextLoader', parent = [null]], attributes = map[[empty]]], class annotated with @DirtiesContext [false] with mode [null].
15:37:35.703 [Test worker] DEBUG org.springframework.test.context.support.TestPropertySourceUtils - Adding inlined properties to environment: {spring.jmx.enabled=false, org.springframework.boot.test.autoconfigure.web.servlet.WebMvcTestContextBootstrapper=true}

  .   ____          _            __ _ _
 /\\ / ___'_ __ _ _(_)_ __  __ _ \ \ \ \
( ( )\___ | '_ | '_| | '_ \/ _` | \ \ \ \
 \\/  ___)| |_)| | | | | || (_| |  ) ) ) )
  '  |____| .__|_| |_|_| |_\__, | / / / /
 =========|_|==============|___/=/_/_/_/
 :: Spring Boot ::               (v2.4.13)

2024-03-09 15:37:36.773  INFO 37241 --- [    Test worker] c.u.i.h.s.controller.UserControllerTest  : Starting UserControllerTest using Java 17.0.10 on The-MAC with PID 37241 (started by basil in /Users/basil/MyFiles/Programming/React/my-app-server)
2024-03-09 15:37:36.791  INFO 37241 --- [    Test worker] c.u.i.h.s.controller.UserControllerTest  : No active profile set, falling back to default profiles: default
2024-03-09 15:37:41.180  INFO 37241 --- [    Test worker] o.s.b.t.m.w.SpringBootMockServletContext : Initializing Spring TestDispatcherServlet ''
2024-03-09 15:37:41.181  INFO 37241 --- [    Test worker] o.s.t.web.servlet.TestDispatcherServlet  : Initializing Servlet ''
2024-03-09 15:37:41.191  INFO 37241 --- [    Test worker] o.s.t.web.servlet.TestDispatcherServlet  : Completed initialization in 10 ms
2024-03-09 15:37:41.264  INFO 37241 --- [    Test worker] c.u.i.h.s.controller.UserControllerTest  : Started UserControllerTest in 5.509 seconds (JVM running for 9.406)
{"username": "newUsername"}
{"username": "newUsername"}
]]></system-out>
  <system-err><![CDATA[]]></system-err>
</testsuite>
